CRITICAL - 2022-04-18 00:05:29 --> Invalid file: include/error.php
#0 C:\ukk2022\system\View\View.php(198): CodeIgniter\Exceptions\FrameworkException::forInvalidFile('include/error.p...')
#1 C:\ukk2022\system\View\View.php(424): CodeIgniter\View\View->render('include/error', NULL, true)
#2 C:\ukk2022\app\Views\login.php(6): CodeIgniter\View\View->include('include/error')
#3 C:\ukk2022\system\View\View.php(210): include('C:\\ukk2022\\app\\...')
#4 C:\ukk2022\system\View\View.php(213): CodeIgniter\View\View->CodeIgniter\View\{closure}()
#5 C:\ukk2022\system\Common.php(1089): CodeIgniter\View\View->render('login', Array, true)
#6 C:\ukk2022\app\Controllers\Login.php(9): view('login')
#7 C:\ukk2022\system\CodeIgniter.php(832): App\Controllers\Login->index()
#8 C:\ukk2022\system\CodeIgniter.php(419): CodeIgniter\CodeIgniter->runController(Object(App\Controllers\Login))
#9 C:\ukk2022\system\CodeIgniter.php(326): CodeIgniter\CodeIgniter->handleRequest(NULL, Object(Config\Cache), false)
#10 C:\ukk2022\public\index.php(37): CodeIgniter\CodeIgniter->run()
#11 C:\ukk2022\system\Commands\Server\rewrite.php(43): require_once('C:\\ukk2022\\publ...')
#12 {main}
CRITICAL - 2022-04-18 20:44:18 --> Array to string conversion
#0 C:\ukk2022\app\Controllers\BaseController.php(64): CodeIgniter\Debug\Exceptions->errorHandler(2, 'Array to string...', 'C:\\ukk2022\\app\\...', 64)
#1 C:\ukk2022\app\Controllers\Login.php(9): App\Controllers\BaseController->getCsvData('users.csv')
#2 C:\ukk2022\system\CodeIgniter.php(832): App\Controllers\Login->index()
#3 C:\ukk2022\system\CodeIgniter.php(419): CodeIgniter\CodeIgniter->runController(Object(App\Controllers\Login))
#4 C:\ukk2022\system\CodeIgniter.php(326): CodeIgniter\CodeIgniter->handleRequest(NULL, Object(Config\Cache), false)
#5 C:\ukk2022\public\index.php(37): CodeIgniter\CodeIgniter->run()
#6 C:\ukk2022\system\Commands\Server\rewrite.php(43): require_once('C:\\ukk2022\\publ...')
#7 {main}
CRITICAL - 2022-04-18 20:47:12 --> Array to string conversion
#0 C:\ukk2022\app\Controllers\BaseController.php(64): CodeIgniter\Debug\Exceptions->errorHandler(2, 'Array to string...', 'C:\\ukk2022\\app\\...', 64)
#1 C:\ukk2022\app\Controllers\Login.php(9): App\Controllers\BaseController->getCsvData('users.csv')
#2 C:\ukk2022\system\CodeIgniter.php(832): App\Controllers\Login->index()
#3 C:\ukk2022\system\CodeIgniter.php(419): CodeIgniter\CodeIgniter->runController(Object(App\Controllers\Login))
#4 C:\ukk2022\system\CodeIgniter.php(326): CodeIgniter\CodeIgniter->handleRequest(NULL, Object(Config\Cache), false)
#5 C:\ukk2022\public\index.php(37): CodeIgniter\CodeIgniter->run()
#6 C:\ukk2022\system\Commands\Server\rewrite.php(43): require_once('C:\\ukk2022\\publ...')
#7 {main}
CRITICAL - 2022-04-18 20:47:13 --> Array to string conversion
#0 C:\ukk2022\app\Controllers\BaseController.php(64): CodeIgniter\Debug\Exceptions->errorHandler(2, 'Array to string...', 'C:\\ukk2022\\app\\...', 64)
#1 C:\ukk2022\app\Controllers\Login.php(9): App\Controllers\BaseController->getCsvData('users.csv')
#2 C:\ukk2022\system\CodeIgniter.php(832): App\Controllers\Login->index()
#3 C:\ukk2022\system\CodeIgniter.php(419): CodeIgniter\CodeIgniter->runController(Object(App\Controllers\Login))
#4 C:\ukk2022\system\CodeIgniter.php(326): CodeIgniter\CodeIgniter->handleRequest(NULL, Object(Config\Cache), false)
#5 C:\ukk2022\public\index.php(37): CodeIgniter\CodeIgniter->run()
#6 C:\ukk2022\system\Commands\Server\rewrite.php(43): require_once('C:\\ukk2022\\publ...')
#7 {main}
CRITICAL - 2022-04-18 20:47:13 --> Array to string conversion
#0 C:\ukk2022\app\Controllers\BaseController.php(64): CodeIgniter\Debug\Exceptions->errorHandler(2, 'Array to string...', 'C:\\ukk2022\\app\\...', 64)
#1 C:\ukk2022\app\Controllers\Login.php(9): App\Controllers\BaseController->getCsvData('users.csv')
#2 C:\ukk2022\system\CodeIgniter.php(832): App\Controllers\Login->index()
#3 C:\ukk2022\system\CodeIgniter.php(419): CodeIgniter\CodeIgniter->runController(Object(App\Controllers\Login))
#4 C:\ukk2022\system\CodeIgniter.php(326): CodeIgniter\CodeIgniter->handleRequest(NULL, Object(Config\Cache), false)
#5 C:\ukk2022\public\index.php(37): CodeIgniter\CodeIgniter->run()
#6 C:\ukk2022\system\Commands\Server\rewrite.php(43): require_once('C:\\ukk2022\\publ...')
#7 {main}
CRITICAL - 2022-04-18 22:27:56 --> Call to undefined function get()
#0 C:\ukk2022\system\View\View.php(210): include()
#1 C:\ukk2022\system\View\View.php(213): CodeIgniter\View\View->CodeIgniter\View\{closure}()
#2 C:\ukk2022\system\View\View.php(424): CodeIgniter\View\View->render('include/error', NULL, true)
#3 C:\ukk2022\app\Views\register.php(5): CodeIgniter\View\View->include('include/error')
#4 C:\ukk2022\system\View\View.php(210): include('C:\\ukk2022\\app\\...')
#5 C:\ukk2022\system\View\View.php(213): CodeIgniter\View\View->CodeIgniter\View\{closure}()
#6 C:\ukk2022\system\Common.php(1089): CodeIgniter\View\View->render('register', Array, true)
#7 C:\ukk2022\app\Controllers\Register.php(9): view('register')
#8 C:\ukk2022\system\CodeIgniter.php(832): App\Controllers\Register->index()
#9 C:\ukk2022\system\CodeIgniter.php(419): CodeIgniter\CodeIgniter->runController(Object(App\Controllers\Register))
#10 C:\ukk2022\system\CodeIgniter.php(326): CodeIgniter\CodeIgniter->handleRequest(NULL, Object(Config\Cache), false)
#11 C:\ukk2022\public\index.php(37): CodeIgniter\CodeIgniter->run()
#12 C:\ukk2022\system\Commands\Server\rewrite.php(43): require_once('C:\\ukk2022\\publ...')
#13 {main}
CRITICAL - 2022-04-18 22:43:17 --> Undefined array key "colomn"
#0 C:\ukk2022\app\Controllers\Auth.php(30): CodeIgniter\Debug\Exceptions->errorHandler(2, 'Undefined array...', 'C:\\ukk2022\\app\\...', 30)
#1 C:\ukk2022\system\CodeIgniter.php(832): App\Controllers\Auth->register()
#2 C:\ukk2022\system\CodeIgniter.php(419): CodeIgniter\CodeIgniter->runController(Object(App\Controllers\Auth))
#3 C:\ukk2022\system\CodeIgniter.php(326): CodeIgniter\CodeIgniter->handleRequest(NULL, Object(Config\Cache), false)
#4 C:\ukk2022\public\index.php(37): CodeIgniter\CodeIgniter->run()
#5 C:\ukk2022\system\Commands\Server\rewrite.php(43): require_once('C:\\ukk2022\\publ...')
#6 {main}
CRITICAL - 2022-04-18 23:37:20 --> Call to undefined method App\Controllers\Home::getUserByNIK()
#0 C:\ukk2022\system\CodeIgniter.php(832): App\Controllers\Home->index()
#1 C:\ukk2022\system\CodeIgniter.php(419): CodeIgniter\CodeIgniter->runController(Object(App\Controllers\Home))
#2 C:\ukk2022\system\CodeIgniter.php(326): CodeIgniter\CodeIgniter->handleRequest(NULL, Object(Config\Cache), false)
#3 C:\ukk2022\public\index.php(37): CodeIgniter\CodeIgniter->run()
#4 C:\ukk2022\system\Commands\Server\rewrite.php(43): require_once('C:\\ukk2022\\publ...')
#5 {main}
CRITICAL - 2022-04-18 23:39:13 --> file_get_contents(catatanperjalanan.csv): Failed to open stream: No such file or directory
#0 [internal function]: CodeIgniter\Debug\Exceptions->errorHandler(2, 'file_get_conten...', 'C:\\ukk2022\\app\\...', 56)
#1 C:\ukk2022\app\Controllers\BaseController.php(56): file_get_contents('catatanperjalan...')
#2 C:\ukk2022\app\Controllers\BaseController.php(115): App\Controllers\BaseController->getCsvData('catatanperjalan...')
#3 C:\ukk2022\app\Controllers\Home.php(12): App\Controllers\BaseController->getLatestData('123456789')
#4 C:\ukk2022\system\CodeIgniter.php(832): App\Controllers\Home->index()
#5 C:\ukk2022\system\CodeIgniter.php(419): CodeIgniter\CodeIgniter->runController(Object(App\Controllers\Home))
#6 C:\ukk2022\system\CodeIgniter.php(326): CodeIgniter\CodeIgniter->handleRequest(NULL, Object(Config\Cache), false)
#7 C:\ukk2022\public\index.php(37): CodeIgniter\CodeIgniter->run()
#8 C:\ukk2022\system\Commands\Server\rewrite.php(43): require_once('C:\\ukk2022\\publ...')
#9 {main}
CRITICAL - 2022-04-18 23:39:14 --> file_get_contents(catatanperjalanan.csv): Failed to open stream: No such file or directory
#0 [internal function]: CodeIgniter\Debug\Exceptions->errorHandler(2, 'file_get_conten...', 'C:\\ukk2022\\app\\...', 56)
#1 C:\ukk2022\app\Controllers\BaseController.php(56): file_get_contents('catatanperjalan...')
#2 C:\ukk2022\app\Controllers\BaseController.php(115): App\Controllers\BaseController->getCsvData('catatanperjalan...')
#3 C:\ukk2022\app\Controllers\Home.php(12): App\Controllers\BaseController->getLatestData('123456789')
#4 C:\ukk2022\system\CodeIgniter.php(832): App\Controllers\Home->index()
#5 C:\ukk2022\system\CodeIgniter.php(419): CodeIgniter\CodeIgniter->runController(Object(App\Controllers\Home))
#6 C:\ukk2022\system\CodeIgniter.php(326): CodeIgniter\CodeIgniter->handleRequest(NULL, Object(Config\Cache), false)
#7 C:\ukk2022\public\index.php(37): CodeIgniter\CodeIgniter->run()
#8 C:\ukk2022\system\Commands\Server\rewrite.php(43): require_once('C:\\ukk2022\\publ...')
#9 {main}
CRITICAL - 2022-04-18 23:41:25 --> Invalid file: layout/main.php
#0 C:\ukk2022\system\View\View.php(198): CodeIgniter\Exceptions\FrameworkException::forInvalidFile('layout/main.php')
#1 C:\ukk2022\system\View\View.php(226): CodeIgniter\View\View->render('layout/main', Array, true)
#2 C:\ukk2022\system\Common.php(1089): CodeIgniter\View\View->render('dashboard', Array, true)
#3 C:\ukk2022\app\Controllers\Home.php(15): view('dashboard', Array)
#4 C:\ukk2022\system\CodeIgniter.php(832): App\Controllers\Home->index()
#5 C:\ukk2022\system\CodeIgniter.php(419): CodeIgniter\CodeIgniter->runController(Object(App\Controllers\Home))
#6 C:\ukk2022\system\CodeIgniter.php(326): CodeIgniter\CodeIgniter->handleRequest(NULL, Object(Config\Cache), false)
#7 C:\ukk2022\public\index.php(37): CodeIgniter\CodeIgniter->run()
#8 C:\ukk2022\system\Commands\Server\rewrite.php(43): require_once('C:\\ukk2022\\publ...')
#9 {main}
CRITICAL - 2022-04-18 23:42:47 --> Invalid file: include/menu.php
#0 C:\ukk2022\system\View\View.php(198): CodeIgniter\Exceptions\FrameworkException::forInvalidFile('include/menu.ph...')
#1 C:\ukk2022\system\View\View.php(424): CodeIgniter\View\View->render('include/menu', NULL, true)
#2 C:\ukk2022\app\Views\layout\main.php(47): CodeIgniter\View\View->include('include/menu')
#3 C:\ukk2022\system\View\View.php(210): include('C:\\ukk2022\\app\\...')
#4 C:\ukk2022\system\View\View.php(213): CodeIgniter\View\View->CodeIgniter\View\{closure}()
#5 C:\ukk2022\system\View\View.php(226): CodeIgniter\View\View->render('layout/main', Array, true)
#6 C:\ukk2022\system\Common.php(1089): CodeIgniter\View\View->render('dashboard', Array, true)
#7 C:\ukk2022\app\Controllers\Home.php(15): view('dashboard', Array)
#8 C:\ukk2022\system\CodeIgniter.php(832): App\Controllers\Home->index()
#9 C:\ukk2022\system\CodeIgniter.php(419): CodeIgniter\CodeIgniter->runController(Object(App\Controllers\Home))
#10 C:\ukk2022\system\CodeIgniter.php(326): CodeIgniter\CodeIgniter->handleRequest(NULL, Object(Config\Cache), false)
#11 C:\ukk2022\public\index.php(37): CodeIgniter\CodeIgniter->run()
#12 C:\ukk2022\system\Commands\Server\rewrite.php(43): require_once('C:\\ukk2022\\publ...')
#13 {main}
CRITICAL - 2022-04-18 23:42:49 --> Invalid file: include/menu.php
#0 C:\ukk2022\system\View\View.php(198): CodeIgniter\Exceptions\FrameworkException::forInvalidFile('include/menu.ph...')
#1 C:\ukk2022\system\View\View.php(424): CodeIgniter\View\View->render('include/menu', NULL, true)
#2 C:\ukk2022\app\Views\layout\main.php(47): CodeIgniter\View\View->include('include/menu')
#3 C:\ukk2022\system\View\View.php(210): include('C:\\ukk2022\\app\\...')
#4 C:\ukk2022\system\View\View.php(213): CodeIgniter\View\View->CodeIgniter\View\{closure}()
#5 C:\ukk2022\system\View\View.php(226): CodeIgniter\View\View->render('layout/main', Array, true)
#6 C:\ukk2022\system\Common.php(1089): CodeIgniter\View\View->render('dashboard', Array, true)
#7 C:\ukk2022\app\Controllers\Home.php(15): view('dashboard', Array)
#8 C:\ukk2022\system\CodeIgniter.php(832): App\Controllers\Home->index()
#9 C:\ukk2022\system\CodeIgniter.php(419): CodeIgniter\CodeIgniter->runController(Object(App\Controllers\Home))
#10 C:\ukk2022\system\CodeIgniter.php(326): CodeIgniter\CodeIgniter->handleRequest(NULL, Object(Config\Cache), false)
#11 C:\ukk2022\public\index.php(37): CodeIgniter\CodeIgniter->run()
#12 C:\ukk2022\system\Commands\Server\rewrite.php(43): require_once('C:\\ukk2022\\publ...')
#13 {main}
CRITICAL - 2022-04-18 23:42:50 --> Invalid file: include/menu.php
#0 C:\ukk2022\system\View\View.php(198): CodeIgniter\Exceptions\FrameworkException::forInvalidFile('include/menu.ph...')
#1 C:\ukk2022\system\View\View.php(424): CodeIgniter\View\View->render('include/menu', NULL, true)
#2 C:\ukk2022\app\Views\layout\main.php(47): CodeIgniter\View\View->include('include/menu')
#3 C:\ukk2022\system\View\View.php(210): include('C:\\ukk2022\\app\\...')
#4 C:\ukk2022\system\View\View.php(213): CodeIgniter\View\View->CodeIgniter\View\{closure}()
#5 C:\ukk2022\system\View\View.php(226): CodeIgniter\View\View->render('layout/main', Array, true)
#6 C:\ukk2022\system\Common.php(1089): CodeIgniter\View\View->render('dashboard', Array, true)
#7 C:\ukk2022\app\Controllers\Home.php(15): view('dashboard', Array)
#8 C:\ukk2022\system\CodeIgniter.php(832): App\Controllers\Home->index()
#9 C:\ukk2022\system\CodeIgniter.php(419): CodeIgniter\CodeIgniter->runController(Object(App\Controllers\Home))
#10 C:\ukk2022\system\CodeIgniter.php(326): CodeIgniter\CodeIgniter->handleRequest(NULL, Object(Config\Cache), false)
#11 C:\ukk2022\public\index.php(37): CodeIgniter\CodeIgniter->run()
#12 C:\ukk2022\system\Commands\Server\rewrite.php(43): require_once('C:\\ukk2022\\publ...')
#13 {main}
